Arguments: 
  D:\nvm\v16.8.0\node.exe C:\Users\13520326071\AppData\Roaming\npm\node_modules\yarn\bin\yarn.js add vue-cli-plugin-electron-plus -D --tilde

PATH: 
  D:\1XiangMuZiLiao\vue3\vue3dome1\node_modules\.bin;D:\1XiangMuZiLiao\vue3\node_modules\.bin;D:\1XiangMuZiLiao\node_modules\.bin;D:\node_modules\.bin;D:\nvm\v16.8.0;C:\Windows\system32;C:\Windows;C:\Windows\System32\Wbem;C:\Windows\System32\WindowsPowerShell\v1.0\;C:\Windows\System32\OpenSSH\;C:\Program Files\Intel\WiFi\bin\;C:\Program Files\Common Files\Intel\WirelessCommon\;C:\Program Files (x86)\NVIDIA Corporation\PhysX\Common;C:\Program Files\NVIDIA Corporation\NVIDIA NvDLISR;D:\Git\Git\cmd;C:\Program Files\TortoiseSVN\bin;C:\WINDOWS\system32;C:\WINDOWS;C:\WINDOWS\System32\Wbem;C:\WINDOWS\System32\WindowsPowerShell\v1.0\;C:\WINDOWS\System32\OpenSSH\;C:\Program Files (x86)\NetSarang\Xftp 7\;D:\nvm;D:\nvm\v16.8.0;C:\Users\13520326071\.windows-build-tools\python27;C:\Program Files\nodejs\;C:\Users\13520326071\AppData\Local\Microsoft\WindowsApps;C:\Users\13520326071\AppData\Local\Programs\Microsoft VS Code\bin;C:\Users\13520326071\AppData\Local\BypassRuntm;C:\Users\13520326071\AppData\Local\Microsoft\WindowsApps;D:\nvm;D:\nvm\v14.17.0;C:\Users\13520326071\.windows-build-tools\python27;C:\Users\13520326071\AppData\Roaming\npm

Yarn version: 
  1.22.4

Node version: 
  16.8.0

Platform: 
  win32 x64

Trace: 
  Error: https://registry.npm.taobao.org/vue-cli-plugin-electron-plus: Not found
      at Request.params.callback [as _callback] (C:\Users\13520326071\AppData\Roaming\npm\node_modules\yarn\lib\cli.js:66987:18)
      at Request.self.callback (C:\Users\13520326071\AppData\Roaming\npm\node_modules\yarn\lib\cli.js:140748:22)
      at Request.emit (node:events:394:28)
      at Request.<anonymous> (C:\Users\13520326071\AppData\Roaming\npm\node_modules\yarn\lib\cli.js:141720:10)
      at Request.emit (node:events:394:28)
      at IncomingMessage.<anonymous> (C:\Users\13520326071\AppData\Roaming\npm\node_modules\yarn\lib\cli.js:141642:12)
      at Object.onceWrapper (node:events:513:28)
      at IncomingMessage.emit (node:events:406:35)
      at endReadableNT (node:internal/streams/readable:1343:12)
      at processTicksAndRejections (node:internal/process/task_queues:83:21)

npm manifest: 
  {
    "name": "vue3dome1",
    "version": "0.0.0",
    "scripts": {
      "dev": "vite",
      "build": "vite build"
    },
    "dependencies": {
      "axios": "^0.21.1",
      "vue": "^3.0.4",
      "vue-router": "^4.0.11"
    },
    "devDependencies": {
      "@vue/compiler-sfc": "^3.0.4",
      "mockjs": "^1.1.0",
      "vite": "^1.0.0-rc.13"
    }
  }

yarn manifest: 
  No manifest

Lockfile: 
  No lockfile
